2022-08-07T09:46:52.3615750Z,Updating submodules.,755ab9c3-a4a1-415b-82de-bcb7dd0e9f23,0
2022-08-07T09:46:52.4240752Z,Preparing deployment for commit id '4c5307f2cc'.,e5e6b251-03f9-4a5e-9f4a-187d5205988f,0
2022-08-07T09:46:52.5490881Z,Running custom deployment command...,f45d0a9c-c618-47a3-b8df-6afc65a3922d,0
2022-08-07T09:46:52.5959591Z,Running deployment command...,01ac1e77-6d7b-4172-8b30-455aa6363293,0
	2022-08-07T09:46:52.6115814Z,Command: D:\home\SiteExtensions\ComposerExtension\Hooks\deploy.cmd,,0
	2022-08-07T09:46:54.7835050Z,Install Dependencies with Composer,,0
	2022-08-07T09:46:58.8039284Z,Installing dependencies from lock file,,1
	2022-08-07T09:46:58.8195762Z,Verifying lock file contents can be installed on current platform.,,1
	2022-08-07T09:46:58.9289289Z,Package operations: 8 installs&comma; 0 updates&comma; 0 removals,,1
	2022-08-07T09:46:58.9601792Z,  - Downloading fakerphp/faker (v1.16.0),,1
	2022-08-07T09:46:58.9758053Z,  - Downloading markbaker/matrix (3.0.0),,1
	2022-08-07T09:46:58.9914305Z,  - Downloading markbaker/complex (3.0.1),,1
	2022-08-07T09:46:59.0226801Z,  - Downloading myclabs/php-enum (1.8.3),,1
	2022-08-07T09:46:59.0383079Z,  - Downloading maennchen/zipstream-php (2.1.0),,1
	2022-08-07T09:46:59.0695555Z,  - Downloading ezyang/htmlpurifier (v4.14.0),,1
	2022-08-07T09:46:59.0851819Z,  - Downloading phpoffice/phpspreadsheet (1.24.1),,1
	2022-08-07T09:46:59.1008087Z,  - Downloading maatwebsite/excel (3.1.40),,1
	2022-08-07T09:46:59.6495878Z, 0/8 [>---------------------------]   0%,,1
	2022-08-07T09:46:59.7746093Z, 1/8 [===>------------------------]  12%,,1
	2022-08-07T09:46:59.9789453Z, 5/8 [=================>----------]  62%,,1
	2022-08-07T09:47:00.6597111Z, 7/8 [========================>---]  87%,,1
	2022-08-07T09:47:00.6753690Z, 8/8 [============================] 100%,,1
	2022-08-07T09:47:00.6909457Z,  - Installing fakerphp/faker (v1.16.0): Extracting archive,,1
	2022-08-07T09:47:00.8315757Z,  - Installing markbaker/matrix (3.0.0): Extracting archive,,1
	2022-08-07T09:47:00.9565748Z,  - Installing markbaker/complex (3.0.1): Extracting archive,,1
	2022-08-07T09:47:01.1440768Z,  - Installing myclabs/php-enum (1.8.3): Extracting archive,,1
	2022-08-07T09:47:01.3159536Z,  - Installing maennchen/zipstream-php (2.1.0): Extracting archive,,1
	2022-08-07T09:47:01.4878336Z,  - Installing ezyang/htmlpurifier (v4.14.0): Extracting archive,,1
	2022-08-07T09:47:01.6597085Z,  - Installing phpoffice/phpspreadsheet (1.24.1): Extracting archive,,1
	2022-08-07T09:47:01.7847104Z,  - Installing maatwebsite/excel (3.1.40): Extracting archive,,1
	2022-08-07T09:48:14.7872330Z, 0/8 [>---------------------------]   0%,,1
	2022-08-07T09:48:18.4122954Z, 1/8 [===>------------------------]  12%,,1
	2022-08-07T09:48:22.9123696Z, 2/8 [=======>--------------------]  25%,,1
	2022-08-07T09:50:41.4725699Z, 3/8 [==========>-----------------]  37%,,1
	2022-08-07T10:09:35.0976504Z, 4/8 [==============>-------------]  50%,,1
	2022-08-07T10:42:44.6855611Z, 5/8 [=================>----------]  62%,,1
	2022-08-07T11:12:59.3902981Z, 6/8 [=====================>------]  75%,,1
	2022-08-07T11:13:02.2487673Z, 7/8 [========================>---]  87%,,1
	2022-08-07T11:13:02.3268917Z, 8/8 [============================] 100%,,1
	2022-08-07T11:13:02.4518995Z,Generating optimized autoload files,,1
	2022-08-07T11:15:08.6482969Z,> Illuminate\Foundation\ComposerScripts::postAutoloadDump,,1
	2022-08-07T11:15:09.4608114Z,> @php artisan package:discover --ansi,,1
	2022-08-07T11:15:15.0859619Z,Discovered Package: [32macademe/laravel-azure-file-storage-driver[39m,,0
	2022-08-07T11:15:15.0859619Z,Discovered Package: [32mfideloper/proxy[39m,,0
	2022-08-07T11:15:15.1015373Z,Discovered Package: [32mfruitcake/laravel-cors[39m,,0
	2022-08-07T11:15:15.1328397Z,Discovered Package: [32mixudra/curl[39m,,0
	2022-08-07T11:15:15.1328397Z,Discovered Package: [32mlaracasts/utilities[39m,,0
	2022-08-07T11:15:15.1484318Z,Discovered Package: [32mlaravel/legacy-factories[39m,,0
	2022-08-07T11:15:15.1640403Z,Discovered Package: [32mlaravel/passport[39m,,0
	2022-08-07T11:15:15.1796723Z,Discovered Package: [32mlaravel/tinker[39m,,0
	2022-08-07T11:15:15.1796723Z,Discovered Package: [32mlaravel/ui[39m,,0
	2022-08-07T11:15:15.1952889Z,Discovered Package: [32mmaatwebsite/excel[39m,,0
	2022-08-07T11:15:15.2109359Z,Discovered Package: [32mmadnest/madzipper[39m,,0
	2022-08-07T11:15:15.2265494Z,Discovered Package: [32mmatthewbdaly/laravel-azure-storage[39m,,0
	2022-08-07T11:15:15.2421632Z,Discovered Package: [32mnesbot/carbon[39m,,0
	2022-08-07T11:15:15.2421632Z,[32mPackage manifest generated successfully.[39m,,0
	2022-08-07T11:15:15.3046640Z,61 packages you are using are looking for funding.,,1
	2022-08-07T11:15:15.3202892Z,Use the `composer fund` command to find out more!,,1
	2022-08-07T11:15:15.3515401Z,Handling Basic Web Site deployment.,,0
	2022-08-07T11:15:17.2824454Z,Creating app_offline.htm,,0
	2022-08-07T11:15:17.2980547Z,KuduSync.NET from: 'D:\home\repository' to: 'D:\home\site',,0
	2022-08-07T11:15:17.2980547Z,Copying file: 'composer.json',,0
	2022-08-07T11:15:17.3136893Z,Copying file: 'composer.lock',,0
	2022-08-07T11:15:17.3293024Z,Copying file: 'app\UtasCode.php',,0
	2022-08-07T11:15:17.3605522Z,Copying file: 'app\UtasPartNumber.php',,0
	2022-08-07T11:15:17.3761787Z,Copying file: 'app\UtasReasonCode.php',,0
	2022-08-07T11:15:17.3761787Z,Copying file: 'app\Codes\PlantCode.php',,0
	2022-08-07T11:15:17.4074421Z,Copying file: 'app\Console\Commands\FetchAndUpdateNotifications.php',,0
	2022-08-07T11:15:17.4230541Z,Copying file: 'app\Console\Commands\GetLatestNotificationsAndPieceParts.php',,0
	2022-08-07T11:15:17.4230541Z,Copying file: 'app\Exceptions\Handler.php',,0
	2022-08-07T11:15:17.4386779Z,Copying file: 'app\Exceptions\SAPFeedException.php',,0
	2022-08-07T11:15:17.4543032Z,Copying file: 'app\Exports\UtasCodeExport.php',,0
	2022-08-07T11:15:17.4543032Z,Copying file: 'app\Exports\UtasPartNumberExport.php',,0
	2022-08-07T11:15:17.4699388Z,Copying file: 'app\Exports\UtasReasonCodeExport.php',,0
	2022-08-07T11:15:17.4855556Z,Copying file: 'app\Http\Controllers\UtasDataController.php',,0
	2022-08-07T11:15:17.5011845Z,Copying file: 'app\Imports\UtasCodeImport.php',,0
	2022-08-07T11:15:17.5168215Z,Copying file: 'app\Imports\UtasPartNumberImport.php',,0
	2022-08-07T11:15:17.5325186Z,Copying file: 'app\Imports\UtasReasonCodeImport.php',,0
	2022-08-07T11:15:17.5480639Z,Copying file: 'app\Providers\AuthServiceProvider.php',,0
	2022-08-07T11:15:17.5636910Z,Copying file: 'bootstrap\cache\packages.php',,0
	2022-08-07T11:15:20.2780385Z,Copying file: 'bootstrap\cache\services.php',,0
	2022-08-07T11:15:20.2930723Z,Copying file: 'config\app.php',,0
	2022-08-07T11:15:20.3086975Z,Copying file: 'config\excel.php',,0
	2022-08-07T11:15:20.3243194Z,Copying file: 'database\factories\UserFactory.php',,0
	2022-08-07T11:15:20.3399465Z,Copying file: 'database\seeders\CageCodeLocationTableSeeder.php',,0
	2022-08-07T11:15:20.3555675Z,Copying file: 'database\seeders\CageCodesTableSeeder.php',,0
	2022-08-07T11:15:20.3711952Z,Copying file: 'database\seeders\LocationsTableSeeder.php',,0
	2022-08-07T11:15:20.3868204Z,Copying file: 'resources\views\activity\.DS_Store',,0
	2022-08-07T11:15:20.3868204Z,Copying file: 'resources\views\partials\main-nav.blade.php',,0
	2022-08-07T11:15:20.4024467Z,Copying file: 'resources\views\utas-data\utas-codes.blade.php',,0
	2022-08-07T11:15:20.4180712Z,Copying file: 'resources\views\utas-data\utas-part-numbers.blade.php',,0
	2022-08-07T11:15:20.4336941Z,Copying file: 'resources\views\utas-data\utas-reason-codes.blade.php',,0
	2022-08-07T11:15:20.4336941Z,Copying file: 'routes\web.php',,0
	2022-08-07T11:15:20.4493292Z,Copying file: 'tests\Feature\UtasDataTest.php',,0
	2022-08-07T11:15:20.4493292Z,Copying file: 'vendor\composer\autoload_classmap.php',,0
	2022-08-07T11:15:20.4649474Z,Copying file: 'vendor\composer\autoload_files.php',,0
	2022-08-07T11:15:20.4805846Z,Copying file: 'vendor\composer\autoload_namespaces.php',,0
	2022-08-07T11:15:20.4961972Z,Copying file: 'vendor\composer\autoload_psr4.php',,0
	2022-08-07T11:15:20.5118302Z,Copying file: 'vendor\composer\autoload_static.php',,0
	2022-08-07T11:15:22.6959216Z,Copying file: 'vendor\composer\installed.json',,0
	2022-08-07T11:15:22.7115428Z,Copying file: 'vendor\composer\installed.php',,0
	2022-08-07T11:15:22.7271694Z,Copying file: 'vendor\ezyang\htmlpurifier\composer.json',,0
	2022-08-07T11:15:22.7271694Z,Copying file: 'vendor\ezyang\htmlpurifier\CREDITS',,0
	2022-08-07T11:15:22.7427928Z,Copying file: 'vendor\ezyang\htmlpurifier\LICENSE',,0
	2022-08-07T11:15:22.7584315Z,Copying file: 'vendor\ezyang\htmlpurifier\README.md',,0
	2022-08-07T11:15:22.7740428Z,Copying file: 'vendor\ezyang\htmlpurifier\VERSION',,0
	2022-08-07T11:15:22.8052943Z,Copying file: 'vendor\ezyang\htmlpurifier\library\HTMLPurifier.auto.php',,0
	2022-08-07T11:15:22.8209205Z,Copying file: 'vendor\ezyang\htmlpurifier\library\HTMLPurifier.autoload-legacy.php',,0
	2022-08-07T11:15:22.8521696Z,Copying file: 'vendor\ezyang\htmlpurifier\library\HTMLPurifier.autoload.php',,0
	2022-08-07T11:15:22.8678058Z,Omitting next output lines...,,0
	2022-08-07T11:15:46.6184241Z,Processed 912 files...,,0
	2022-08-07T11:16:11.7224918Z,Processed 1667 files...,,0
	2022-08-07T11:16:11.7537314Z,Finished successfully.,,0
2022-08-07T11:16:11.8162349Z,Running post deployment command(s)...,ea0cba5d-a6a8-4a04-b949-78dc2e06ed0d,0
2022-08-07T11:16:11.8787330Z,Triggering recycle (preview mode disabled).,f9dbffa9-551c-4fda-a8ae-f373347cb27c,0
2022-08-07T11:16:11.9412359Z,Deployment successful.,82a54313-cb09-42cc-86e9-2dd4c0117a7a,0
